<?xml version="1.0" encoding="UTF-8"?>
<testsuite xmlns:xsi="http://www.w3.org/2001/XMLSchema-instance" xsi:noNamespaceSchemaLocation="https://maven.apache.org/surefire/maven-surefire-plugin/xsd/surefire-test-report-3.0.xsd" version="3.0" name="Test privacy policy message" time="20.384" tests="4" errors="0" skipped="0" failures="0">
  <properties>
[...]
</properties>
  <testcase name="Make a invalid search" classname="Search" time="12.891"/>
  <testcase name="Make a invalid search" classname="Search" time="2.731"/>
  <testcase name="invalid login" classname="Test login" time="3.954"/>
  <testcase name="Read privacy policy" classname="Test privacy policy message" time="0.785"/>
</testsuite>